<?xml version="1.0" encoding="UTF-8"?>
<testsuite name="com.hang.book.springboot.web.IndexControllerTest" tests="1" skipped="0" failures="0" errors="0" timestamp="2021-09-01T07:16:27" hostname="LAPTOP-MQJL1DUD" time="0.137">
  <properties/>
  <testcase name="loadMainPage" classname="com.hang.book.springboot.web.IndexControllerTest" time="0.137"/>
  <system-out><![CDATA[2021-09-01 16:16:25.959  INFO 15824 --- [    Test worker] .b.t.c.SpringBootTestContextBootstrapper : Neither @ContextConfiguration nor @ContextHierarchy found for test class [com.hang.book.springboot.web.IndexControllerTest], using SpringBootContextLoader
2021-09-01 16:16:25.959  INFO 15824 --- [    Test worker] o.s.t.c.support.AbstractContextLoader    : Could not detect default resource locations for test class [com.hang.book.springboot.web.IndexControllerTest]: no resource found for suffixes {-context.xml, Context.groovy}.
2021-09-01 16:16:25.960  INFO 15824 --- [    Test worker] t.c.s.AnnotationConfigContextLoaderUtils : Could not detect default configuration classes for test class [com.hang.book.springboot.web.IndexControllerTest]: IndexControllerTest does not declare any static, non-private, non-final, nested classes annotated with @Configuration.
2021-09-01 16:16:25.960  INFO 15824 --- [    Test worker] .b.t.c.SpringBootTestContextBootstrapper : Found @SpringBootConfiguration com.hang.book.springboot.Application for test class com.hang.book.springboot.web.IndexControllerTest
2021-09-01 16:16:25.961  INFO 15824 --- [    Test worker] .b.t.c.SpringBootTestContextBootstrapper : Loaded default TestExecutionListener class names from location [META-INF/spring.factories]: [org.springframework.security.test.context.support.WithSecurityContextTestExecutionListener, org.springframework.security.test.context.support.ReactorContextTestExecutionListener, org.springframework.boot.test.autoconfigure.restdocs.RestDocsTestExecutionListener, org.springframework.boot.test.autoconfigure.web.client.MockRestServiceServerResetTestExecutionListener, org.springframework.boot.test.autoconfigure.web.servlet.MockMvcPrintOnlyOnFailureTestExecutionListener, org.springframework.boot.test.autoconfigure.web.servlet.WebDriverTestExecutionListener, org.springframework.boot.test.mock.mockito.MockitoTestExecutionListener, org.springframework.boot.test.mock.mockito.ResetMocksTestExecutionListener, org.springframework.test.context.web.ServletTestExecutionListener, org.springframework.test.context.support.DirtiesContextBeforeModesTestExecutionListener, org.springframework.test.context.support.DependencyInjectionTestExecutionListener, org.springframework.test.context.support.DirtiesContextTestExecutionListener, org.springframework.test.context.transaction.TransactionalTestExecutionListener, org.springframework.test.context.jdbc.SqlScriptsTestExecutionListener]
2021-09-01 16:16:25.962  INFO 15824 --- [    Test worker] .b.t.c.SpringBootTestContextBootstrapper : Using TestExecutionListeners: [org.springframework.test.context.web.ServletTestExecutionListener@3230f872, org.springframework.test.context.support.DirtiesContextBeforeModesTestExecutionListener@daac5dd, org.springframework.boot.test.mock.mockito.MockitoTestExecutionListener@2b2ca816, org.springframework.boot.test.autoconfigure.SpringBootDependencyInjectionTestExecutionListener@16227b09, org.springframework.test.context.support.DirtiesContextTestExecutionListener@23e4f2d7, org.springframework.test.context.transaction.TransactionalTestExecutionListener@783b4f5b, org.springframework.test.context.jdbc.SqlScriptsTestExecutionListener@36992452, org.springframework.security.test.context.support.WithSecurityContextTestExecutionListener@33e6ebbb, org.springframework.security.test.context.support.ReactorContextTestExecutionListener@3710c55a, org.springframework.boot.test.autoconfigure.restdocs.RestDocsTestExecutionListener@15731574, org.springframework.boot.test.autoconfigure.web.client.MockRestServiceServerResetTestExecutionListener@6a37183c, org.springframework.boot.test.autoconfigure.web.servlet.MockMvcPrintOnlyOnFailureTestExecutionListener@6e088df2, org.springframework.boot.test.autoconfigure.web.servlet.WebDriverTestExecutionListener@5f83af7c, org.springframework.boot.test.mock.mockito.ResetMocksTestExecutionListener@52d6d94d]

  .   ____          _            __ _ _
 /\\ / ___'_ __ _ _(_)_ __  __ _ \ \ \ \
( ( )\___ | '_ | '_| | '_ \/ _` | \ \ \ \
 \\/  ___)| |_)| | | | | || (_| |  ) ) ) )
  '  |____| .__|_| |_|_| |_\__, | / / / /
 =========|_|==============|___/=/_/_/_/
 :: Spring Boot ::        (v2.1.7.RELEASE)

2021-09-01 16:16:25.979  INFO 15824 --- [    Test worker] c.h.b.s.web.IndexControllerTest          : Starting IndexControllerTest on LAPTOP-MQJL1DUD with PID 15824 (started by abc17 in C:\workspace\intellij_springboot)
2021-09-01 16:16:25.980  INFO 15824 --- [    Test worker] c.h.b.s.web.IndexControllerTest          : No active profile set, falling back to default profiles: default
2021-09-01 16:16:26.141  INFO 15824 --- [    Test worker] .s.d.r.c.RepositoryConfigurationDelegate : Bootstrapping Spring Data repositories in DEFAULT mode.
2021-09-01 16:16:26.153  INFO 15824 --- [    Test worker] .s.d.r.c.RepositoryConfigurationDelegate : Finished Spring Data repository scanning in 12ms. Found 2 repository interfaces.
2021-09-01 16:16:26.221  INFO 15824 --- [    Test worker] trationDelegate$BeanPostProcessorChecker : Bean 'org.springframework.transaction.annotation.ProxyTransactionManagementConfiguration' of type [org.springframework.transaction.annotation.ProxyTransactionManagementConfiguration$$EnhancerBySpringCGLIB$$1de987f] is not eligible for getting processed by all BeanPostProcessors (for example: not eligible for auto-proxying)
2021-09-01 16:16:26.414  INFO 15824 --- [    Test worker] o.s.b.w.embedded.tomcat.TomcatWebServer  : Tomcat initialized with port(s): 0 (http)
2021-09-01 16:16:26.435  INFO 15824 --- [    Test worker] o.apache.catalina.core.StandardService   : Starting service [Tomcat]
2021-09-01 16:16:26.436  INFO 15824 --- [    Test worker] org.apache.catalina.core.StandardEngine  : Starting Servlet engine: [Apache Tomcat/9.0.22]
2021-09-01 16:16:26.530  INFO 15824 --- [    Test worker] o.a.c.c.C.[Tomcat].[localhost].[/]       : Initializing Spring embedded WebApplicationContext
2021-09-01 16:16:26.530  INFO 15824 --- [    Test worker] o.s.web.context.ContextLoader            : Root WebApplicationContext: initialization completed in 548 ms
2021-09-01 16:16:26.643  INFO 15824 --- [    Test worker] com.zaxxer.hikari.HikariDataSource       : HikariPool-2 - Starting...
2021-09-01 16:16:26.644  INFO 15824 --- [    Test worker] com.zaxxer.hikari.HikariDataSource       : HikariPool-2 - Start completed.
2021-09-01 16:16:26.664  INFO 15824 --- [    Test worker] o.hibernate.jpa.internal.util.LogHelper  : HHH000204: Processing PersistenceUnitInfo [
	name: default
	...]
2021-09-01 16:16:26.671  INFO 15824 --- [    Test worker] org.hibernate.dialect.Dialect            : HHH000400: Using dialect: org.hibernate.dialect.MySQL5InnoDBDialect
Hibernate: drop table if exists posts
Hibernate: drop table if exists user
Hibernate: create table posts (id bigint not null auto_increment, created_date datetime, modified_date datetime, author varchar(255), content TEXT not null, title varchar(500) not null, primary key (id)) engine=InnoDB
Hibernate: create table user (id bigint not null auto_increment, created_date datetime, modified_date datetime, email varchar(255) not null, name varchar(255) not null, picture varchar(255), role varchar(255), primary key (id)) engine=InnoDB
2021-09-01 16:16:26.705  INFO 15824 --- [    Test worker] o.h.t.schema.internal.SchemaCreatorImpl  : HHH000476: Executing import script 'org.hibernate.tool.schema.internal.exec.ScriptSourceInputNonExistentImpl@6bbe4676'
2021-09-01 16:16:26.706  INFO 15824 --- [    Test worker] j.LocalContainerEntityManagerFactoryBean : Initialized JPA EntityManagerFactory for persistence unit 'default'
2021-09-01 16:16:26.905  INFO 15824 --- [    Test worker] o.h.h.i.QueryTranslatorFactoryInitiator  : HHH000397: Using ASTQueryTranslatorFactory
2021-09-01 16:16:26.995  INFO 15824 --- [    Test worker] o.s.s.web.DefaultSecurityFilterChain     : Creating filter chain: any request, [org.springframework.security.web.context.request.async.WebAsyncManagerIntegrationFilter@507043e3, org.springframework.security.web.context.SecurityContextPersistenceFilter@682454b2, org.springframework.security.web.header.HeaderWriterFilter@20a0c2e6, org.springframework.security.web.authentication.logout.LogoutFilter@9412528, org.springframework.security.oauth2.client.web.OAuth2AuthorizationRequestRedirectFilter@da3a526, org.springframework.security.oauth2.client.web.OAuth2LoginAuthenticationFilter@1704f3c6, org.springframework.security.web.authentication.ui.DefaultLoginPageGeneratingFilter@438a682f, org.springframework.security.web.authentication.ui.DefaultLogoutPageGeneratingFilter@35ccb235, org.springframework.security.web.savedrequest.RequestCacheAwareFilter@4f43c584, org.springframework.security.web.servletapi.SecurityContextHolderAwareRequestFilter@69528978, org.springframework.security.web.authentication.AnonymousAuthenticationFilter@25d6bb3f, org.springframework.security.web.session.SessionManagementFilter@2c516f3, org.springframework.security.web.access.ExceptionTranslationFilter@1a27acee, org.springframework.security.web.access.intercept.FilterSecurityInterceptor@36ca727a]
2021-09-01 16:16:27.156  INFO 15824 --- [    Test worker] o.s.s.concurrent.ThreadPoolTaskExecutor  : Initializing ExecutorService 'applicationTaskExecutor'
2021-09-01 16:16:27.169  WARN 15824 --- [    Test worker] aWebConfiguration$JpaWebMvcConfiguration : spring.jpa.open-in-view is enabled by default. Therefore, database queries may be performed during view rendering. Explicitly configure spring.jpa.open-in-view to disable this warning
2021-09-01 16:16:27.187  INFO 15824 --- [    Test worker] o.s.b.a.w.s.WelcomePageHandlerMapping    : Adding welcome page template: index
2021-09-01 16:16:27.400  INFO 15824 --- [    Test worker] s.a.ScheduledAnnotationBeanPostProcessor : No TaskScheduler/ScheduledExecutorService bean found for scheduled processing
2021-09-01 16:16:27.417  INFO 15824 --- [    Test worker] o.s.b.w.embedded.tomcat.TomcatWebServer  : Tomcat started on port(s): 52120 (http) with context path ''
2021-09-01 16:16:27.418  INFO 15824 --- [    Test worker] c.h.b.s.web.IndexControllerTest          : Started IndexControllerTest in 1.455 seconds (JVM running for 7.448)
2021-09-01 16:16:27.488  INFO 15824 --- [o-auto-1-exec-1] o.a.c.c.C.[Tomcat].[localhost].[/]       : Initializing Spring DispatcherServlet 'dispatcherServlet'
2021-09-01 16:16:27.489  INFO 15824 --- [o-auto-1-exec-1] o.s.web.servlet.DispatcherServlet        : Initializing Servlet 'dispatcherServlet'
2021-09-01 16:16:27.504  INFO 15824 --- [o-auto-1-exec-1] o.s.web.servlet.DispatcherServlet        : Completed initialization in 15 ms
Hibernate: select posts0_.id as id1_0_, posts0_.created_date as created_2_0_, posts0_.modified_date as modified3_0_, posts0_.author as author4_0_, posts0_.content as content5_0_, posts0_.title as title6_0_ from posts posts0_ order by posts0_.id DESC
>>>>>>>>>>>>>>>>>>>
<!DOCTYPE HTML>
<html>
<head>
    <title>스프링 부트 웹 서비스</title>
    <meta http-equiv="Content-Type" content="text/html; charset=UTF-8"/>
    <link rel="stylesheet" href="https://stackpath.bootstrapcdn.com/bootstrap/4.3.1/css/bootstrap.min.css">
</head>
<body>

<h1>스프링 부트로 시작하는 웹 서비스 Ver.2</h1>
<div class="col-md-12">
    <!-- 로그인 기능 영역 -->
    <div class="row">
        <div class="col-md-6">
            <a href="/posts/save" role="button" class="btn btn-primary">글 등록</a>
                <a href="/oauth2/authorization/google" class="btn btn-success active" role="button">Google Login</a>
                <a href="/oauth2/authorization/naver" class="btn btn-secondary active" role="button">Naver Login</a>
        </div>
    </div>
    <br>
    <!-- 목록 출력 영역 -->
    <table class="table table-horizontal table-bordered">
        <thead class="thead-strong">
            <tr>
                <th>게시글 번호</th>
                <th>제목</th>
                <th>작성자</th>
                <th>최종수정일</th>
            </tr>
        </thead>
        <tbody id="tbody">
                </tbody>
    </table>
</div>
<script src="https://code.jquery.com/jquery-3.3.1.min.js"></script>
<script src="https://stackpath.bootstrapcdn.com/bootstrap/4.3.1/js/bootstrap.min.js"></script>

<!-- index.js 추가 -->
<script src="/js/app/index.js"></script>
</body>
</html>
]]></system-out>
  <system-err><![CDATA[]]></system-err>
</testsuite>
