<?xml version="1.0" encoding="UTF-8"?>
<testsuite name="com.hang.book.springboot.web.dto.HelloResponseDtoTest" tests="1" skipped="0" failures="0" errors="0" timestamp="2021-09-01T07:16:25" hostname="LAPTOP-MQJL1DUD" time="0.002">
  <properties/>
  <testcase name="lombok_Function_Test" classname="com.hang.book.springboot.web.dto.HelloResponseDtoTest" time="0.002"/>
  <system-out><![CDATA[]]></system-out>
  <system-err><![CDATA[]]></system-err>
</testsuite>
