<?xml version="1.0" encoding="UTF-8"?>
<testsuite name="com.hang.book.springboot.web.HelloControllerTest" tests="2" skipped="0" failures="0" errors="0" timestamp="2021-08-09T08:08:04" hostname="LAPTOP-MQJL1DUD" time="0.222">
  <properties/>
  <testcase name="helloReturn" classname="com.hang.book.springboot.web.HelloControllerTest" time="0.171"/>
  <testcase name="helloDtoReturn" classname="com.hang.book.springboot.web.HelloControllerTest" time="0.051"/>
  <system-out><![CDATA[17:08:02.196 [Test worker] DEBUG org.springframework.test.context.junit4.SpringJUnit4ClassRunner - SpringJUnit4ClassRunner constructor called with [class com.hang.book.springboot.web.HelloControllerTest]
17:08:02.201 [Test worker] DEBUG org.springframework.test.context.BootstrapUtils - Instantiating CacheAwareContextLoaderDelegate from class [org.springframework.test.context.cache.DefaultCacheAwareContextLoaderDelegate]
17:08:02.207 [Test worker] DEBUG org.springframework.test.context.BootstrapUtils - Instantiating BootstrapContext using constructor [public org.springframework.test.context.support.DefaultBootstrapContext(java.lang.Class,org.springframework.test.context.CacheAwareContextLoaderDelegate)]
17:08:02.219 [Test worker] DEBUG org.springframework.test.context.BootstrapUtils - Instantiating TestContextBootstrapper for test class [com.hang.book.springboot.web.HelloControllerTest] from class [org.springframework.boot.test.autoconfigure.web.servlet.WebMvcTestContextBootstrapper]
17:08:02.231 [Test worker] INFO org.springframework.boot.test.autoconfigure.web.servlet.WebMvcTestContextBootstrapper - Neither @ContextConfiguration nor @ContextHierarchy found for test class [com.hang.book.springboot.web.HelloControllerTest], using SpringBootContextLoader
17:08:02.233 [Test worker] DEBUG org.springframework.test.context.support.AbstractContextLoader - Did not detect default resource location for test class [com.hang.book.springboot.web.HelloControllerTest]: class path resource [com/hang/book/springboot/web/HelloControllerTest-context.xml] does not exist
17:08:02.233 [Test worker] DEBUG org.springframework.test.context.support.AbstractContextLoader - Did not detect default resource location for test class [com.hang.book.springboot.web.HelloControllerTest]: class path resource [com/hang/book/springboot/web/HelloControllerTestContext.groovy] does not exist
17:08:02.233 [Test worker] INFO org.springframework.test.context.support.AbstractContextLoader - Could not detect default resource locations for test class [com.hang.book.springboot.web.HelloControllerTest]: no resource found for suffixes {-context.xml, Context.groovy}.
17:08:02.234 [Test worker] INFO org.springframework.test.context.support.AnnotationConfigContextLoaderUtils - Could not detect default configuration classes for test class [com.hang.book.springboot.web.HelloControllerTest]: HelloControllerTest does not declare any static, non-private, non-final, nested classes annotated with @Configuration.
17:08:02.276 [Test worker] DEBUG org.springframework.test.context.support.ActiveProfilesUtils - Could not find an 'annotation declaring class' for annotation type [org.springframework.test.context.ActiveProfiles] and class [com.hang.book.springboot.web.HelloControllerTest]
17:08:02.329 [Test worker] DEBUG org.springframework.context.annotation.ClassPathScanningCandidateComponentProvider - Identified candidate component class: file [C:\workspace\intellij_springboot\build\classes\java\main\com\hang\book\springboot\Application.class]
17:08:02.330 [Test worker] INFO org.springframework.boot.test.context.SpringBootTestContextBootstrapper - Found @SpringBootConfiguration com.hang.book.springboot.Application for test class com.hang.book.springboot.web.HelloControllerTest
17:08:02.332 [Test worker] DEBUG org.springframework.boot.test.autoconfigure.web.servlet.WebMvcTestContextBootstrapper - @TestExecutionListeners is not present for class [com.hang.book.springboot.web.HelloControllerTest]: using defaults.
17:08:02.333 [Test worker] INFO org.springframework.boot.test.autoconfigure.web.servlet.WebMvcTestContextBootstrapper - Loaded default TestExecutionListener class names from location [META-INF/spring.factories]: [org.springframework.security.test.context.support.WithSecurityContextTestExecutionListener, org.springframework.security.test.context.support.ReactorContextTestExecutionListener, org.springframework.boot.test.autoconfigure.restdocs.RestDocsTestExecutionListener, org.springframework.boot.test.autoconfigure.web.client.MockRestServiceServerResetTestExecutionListener, org.springframework.boot.test.autoconfigure.web.servlet.MockMvcPrintOnlyOnFailureTestExecutionListener, org.springframework.boot.test.autoconfigure.web.servlet.WebDriverTestExecutionListener, org.springframework.boot.test.mock.mockito.MockitoTestExecutionListener, org.springframework.boot.test.mock.mockito.ResetMocksTestExecutionListener, org.springframework.test.context.web.ServletTestExecutionListener, org.springframework.test.context.support.DirtiesContextBeforeModesTestExecutionListener, org.springframework.test.context.support.DependencyInjectionTestExecutionListener, org.springframework.test.context.support.DirtiesContextTestExecutionListener, org.springframework.test.context.transaction.TransactionalTestExecutionListener, org.springframework.test.context.jdbc.SqlScriptsTestExecutionListener]
17:08:02.346 [Test worker] INFO org.springframework.boot.test.autoconfigure.web.servlet.WebMvcTestContextBootstrapper - Using TestExecutionListeners: [org.springframework.test.context.web.ServletTestExecutionListener@226b979c, org.springframework.test.context.support.DirtiesContextBeforeModesTestExecutionListener@5e63222f, org.springframework.boot.test.mock.mockito.MockitoTestExecutionListener@56e21585, org.springframework.boot.test.autoconfigure.SpringBootDependencyInjectionTestExecutionListener@2f0fd2af, org.springframework.test.context.support.DirtiesContextTestExecutionListener@51a667a5, org.springframework.test.context.transaction.TransactionalTestExecutionListener@161355e4, org.springframework.test.context.jdbc.SqlScriptsTestExecutionListener@509b249e, org.springframework.security.test.context.support.WithSecurityContextTestExecutionListener@1d00e88, org.springframework.security.test.context.support.ReactorContextTestExecutionListener@63a9da58, org.springframework.boot.test.autoconfigure.restdocs.RestDocsTestExecutionListener@6f990fbc, org.springframework.boot.test.autoconfigure.web.client.MockRestServiceServerResetTestExecutionListener@662f6905, org.springframework.boot.test.autoconfigure.web.servlet.MockMvcPrintOnlyOnFailureTestExecutionListener@670a8f06, org.springframework.boot.test.autoconfigure.web.servlet.WebDriverTestExecutionListener@4adcf2a5, org.springframework.boot.test.mock.mockito.ResetMocksTestExecutionListener@6d9ff0ad]
17:08:02.348 [Test worker] DEBUG org.springframework.test.annotation.ProfileValueUtils - Retrieved @ProfileValueSourceConfiguration [null] for test class [com.hang.book.springboot.web.HelloControllerTest]
17:08:02.349 [Test worker] DEBUG org.springframework.test.annotation.ProfileValueUtils - Retrieved ProfileValueSource type [class org.springframework.test.annotation.SystemProfileValueSource] for class [com.hang.book.springboot.web.HelloControllerTest]
17:08:02.349 [Test worker] DEBUG org.springframework.test.annotation.ProfileValueUtils - Retrieved @ProfileValueSourceConfiguration [null] for test class [com.hang.book.springboot.web.HelloControllerTest]
17:08:02.349 [Test worker] DEBUG org.springframework.test.annotation.ProfileValueUtils - Retrieved ProfileValueSource type [class org.springframework.test.annotation.SystemProfileValueSource] for class [com.hang.book.springboot.web.HelloControllerTest]
17:08:02.352 [Test worker] DEBUG org.springframework.test.context.support.AbstractDirtiesContextTestExecutionListener - Before test class: context [DefaultTestContext@782d6ccc testClass = HelloControllerTest, testInstance = [null], testMethod = [null], testException = [null], mergedContextConfiguration = [WebMergedContextConfiguration@22c5aa2a testClass = HelloControllerTest, locations = '{}', classes = '{class com.hang.book.springboot.Application}', contextInitializerClasses = '[]', activeProfiles = '{}', propertySourceLocations = '{}', propertySourceProperties = '{org.springframework.boot.test.autoconfigure.web.servlet.WebMvcTestContextBootstrapper=true}', contextCustomizers = set[org.springframework.boot.test.autoconfigure.OverrideAutoConfigurationContextCustomizerFactory$DisableAutoConfigurationContextCustomizer@529d365d, org.springframework.boot.test.autoconfigure.filter.TypeExcludeFiltersContextCustomizer@1bace7c4, org.springframework.boot.test.autoconfigure.properties.PropertyMappingContextCustomizer@d5fb9f90, org.springframework.boot.test.autoconfigure.web.servlet.WebDriverContextCustomizerFactory$Customizer@6727890b, [ImportsContextCustomizer@191a6570 key = [org.springframework.boot.autoconfigure.cache.CacheAutoConfiguration, org.springframework.boot.autoconfigure.context.MessageSourceAutoConfiguration, org.springframework.boot.autoconfigure.data.web.SpringDataWebAutoConfiguration, org.springframework.boot.autoconfigure.freemarker.FreeMarkerAutoConfiguration, org.springframework.boot.autoconfigure.groovy.template.GroovyTemplateAutoConfiguration, org.springframework.boot.autoconfigure.gson.GsonAutoConfiguration, org.springframework.boot.autoconfigure.hateoas.HypermediaAutoConfiguration, org.springframework.boot.autoconfigure.http.HttpMessageConvertersAutoConfiguration, org.springframework.boot.autoconfigure.jackson.JacksonAutoConfiguration, org.springframework.boot.autoconfigure.jsonb.JsonbAutoConfiguration, org.springframework.boot.autoconfigure.mustache.MustacheAutoConfiguration, org.springframework.boot.autoconfigure.task.TaskExecutionAutoConfiguration, org.springframework.boot.autoconfigure.thymeleaf.ThymeleafAutoConfiguration, org.springframework.boot.autoconfigure.validation.ValidationAutoConfiguration, org.springframework.boot.autoconfigure.web.servlet.error.ErrorMvcAutoConfiguration, org.springframework.boot.autoconfigure.web.servlet.WebMvcAutoConfiguration, org.springframework.boot.test.autoconfigure.web.servlet.MockMvcAutoConfiguration, org.springframework.boot.test.autoconfigure.web.servlet.MockMvcSecurityAutoConfiguration, org.springframework.boot.test.autoconfigure.web.servlet.MockMvcWebClientAutoConfiguration, org.springframework.boot.test.autoconfigure.web.servlet.MockMvcWebDriverAutoConfiguration]], org.springframework.boot.test.context.filter.ExcludeFilterContextCustomizer@1f69e8f9, org.springframework.boot.test.json.DuplicateJsonObjectContextCustomizerFactory$DuplicateJsonObjectContextCustomizer@334518b3, org.springframework.boot.test.mock.mockito.MockitoContextCustomizer@0], resourceBasePath = 'src/main/webapp', contextLoader = 'org.springframework.boot.test.context.SpringBootContextLoader', parent = [null]], attributes = map[[empty]]], class annotated with @DirtiesContext [false] with mode [null].
17:08:02.353 [Test worker] DEBUG org.springframework.test.annotation.ProfileValueUtils - Retrieved @ProfileValueSourceConfiguration [null] for test class [com.hang.book.springboot.web.HelloControllerTest]
17:08:02.353 [Test worker] DEBUG org.springframework.test.annotation.ProfileValueUtils - Retrieved ProfileValueSource type [class org.springframework.test.annotation.SystemProfileValueSource] for class [com.hang.book.springboot.web.HelloControllerTest]
17:08:02.356 [Test worker] DEBUG org.springframework.test.context.support.DependencyInjectionTestExecutionListener - Performing dependency injection for test context [[DefaultTestContext@782d6ccc testClass = HelloControllerTest, testInstance = com.hang.book.springboot.web.HelloControllerTest@d9a61ff, testMethod = [null], testException = [null], mergedContextConfiguration = [WebMergedContextConfiguration@22c5aa2a testClass = HelloControllerTest, locations = '{}', classes = '{class com.hang.book.springboot.Application}', contextInitializerClasses = '[]', activeProfiles = '{}', propertySourceLocations = '{}', propertySourceProperties = '{org.springframework.boot.test.autoconfigure.web.servlet.WebMvcTestContextBootstrapper=true}', contextCustomizers = set[org.springframework.boot.test.autoconfigure.OverrideAutoConfigurationContextCustomizerFactory$DisableAutoConfigurationContextCustomizer@529d365d, org.springframework.boot.test.autoconfigure.filter.TypeExcludeFiltersContextCustomizer@1bace7c4, org.springframework.boot.test.autoconfigure.properties.PropertyMappingContextCustomizer@d5fb9f90, org.springframework.boot.test.autoconfigure.web.servlet.WebDriverContextCustomizerFactory$Customizer@6727890b, [ImportsContextCustomizer@191a6570 key = [org.springframework.boot.autoconfigure.cache.CacheAutoConfiguration, org.springframework.boot.autoconfigure.context.MessageSourceAutoConfiguration, org.springframework.boot.autoconfigure.data.web.SpringDataWebAutoConfiguration, org.springframework.boot.autoconfigure.freemarker.FreeMarkerAutoConfiguration, org.springframework.boot.autoconfigure.groovy.template.GroovyTemplateAutoConfiguration, org.springframework.boot.autoconfigure.gson.GsonAutoConfiguration, org.springframework.boot.autoconfigure.hateoas.HypermediaAutoConfiguration, org.springframework.boot.autoconfigure.http.HttpMessageConvertersAutoConfiguration, org.springframework.boot.autoconfigure.jackson.JacksonAutoConfiguration, org.springframework.boot.autoconfigure.jsonb.JsonbAutoConfiguration, org.springframework.boot.autoconfigure.mustache.MustacheAutoConfiguration, org.springframework.boot.autoconfigure.task.TaskExecutionAutoConfiguration, org.springframework.boot.autoconfigure.thymeleaf.ThymeleafAutoConfiguration, org.springframework.boot.autoconfigure.validation.ValidationAutoConfiguration, org.springframework.boot.autoconfigure.web.servlet.error.ErrorMvcAutoConfiguration, org.springframework.boot.autoconfigure.web.servlet.WebMvcAutoConfiguration, org.springframework.boot.test.autoconfigure.web.servlet.MockMvcAutoConfiguration, org.springframework.boot.test.autoconfigure.web.servlet.MockMvcSecurityAutoConfiguration, org.springframework.boot.test.autoconfigure.web.servlet.MockMvcWebClientAutoConfiguration, org.springframework.boot.test.autoconfigure.web.servlet.MockMvcWebDriverAutoConfiguration]], org.springframework.boot.test.context.filter.ExcludeFilterContextCustomizer@1f69e8f9, org.springframework.boot.test.json.DuplicateJsonObjectContextCustomizerFactory$DuplicateJsonObjectContextCustomizer@334518b3, org.springframework.boot.test.mock.mockito.MockitoContextCustomizer@0], resourceBasePath = 'src/main/webapp', contextLoader = 'org.springframework.boot.test.context.SpringBootContextLoader', parent = [null]], attributes = map[[empty]]]].
17:08:02.431 [Test worker] DEBUG org.springframework.test.context.support.TestPropertySourceUtils - Adding inlined properties to environment: {spring.jmx.enabled=false, org.springframework.boot.test.autoconfigure.web.servlet.WebMvcTestContextBootstrapper=true, server.port=-1}

  .   ____          _            __ _ _
 /\\ / ___'_ __ _ _(_)_ __  __ _ \ \ \ \
( ( )\___ | '_ | '_| | '_ \/ _` | \ \ \ \
 \\/  ___)| |_)| | | | | || (_| |  ) ) ) )
  '  |____| .__|_| |_|_| |_\__, | / / / /
 =========|_|==============|___/=/_/_/_/
 :: Spring Boot ::        (v2.1.7.RELEASE)

2021-08-09 17:08:02.607  INFO 3616 --- [    Test worker] c.h.b.s.web.HelloControllerTest          : Starting HelloControllerTest on LAPTOP-MQJL1DUD with PID 3616 (started by abc17 in C:\workspace\intellij_springboot)
2021-08-09 17:08:02.609  INFO 3616 --- [    Test worker] c.h.b.s.web.HelloControllerTest          : No active profile set, falling back to default profiles: default
2021-08-09 17:08:03.518  INFO 3616 --- [    Test worker] o.s.s.concurrent.ThreadPoolTaskExecutor  : Initializing ExecutorService 'applicationTaskExecutor'
2021-08-09 17:08:03.578  INFO 3616 --- [    Test worker] o.s.b.a.w.s.WelcomePageHandlerMapping    : Adding welcome page template: index
2021-08-09 17:08:03.799  INFO 3616 --- [    Test worker] .s.s.UserDetailsServiceAutoConfiguration : 

Using generated security password: 510c2399-cdc5-4d5c-805d-d344bd372c31

2021-08-09 17:08:03.961  INFO 3616 --- [    Test worker] o.s.s.web.DefaultSecurityFilterChain     : Creating filter chain: any request, [org.springframework.security.web.context.request.async.WebAsyncManagerIntegrationFilter@492f82d5, org.springframework.security.web.context.SecurityContextPersistenceFilter@418cfe31, org.springframework.security.web.header.HeaderWriterFilter@18504a73, org.springframework.security.web.csrf.CsrfFilter@77f8d7e7, org.springframework.security.web.authentication.logout.LogoutFilter@1f4003fb, org.springframework.security.web.authentication.UsernamePasswordAuthenticationFilter@5e013933, org.springframework.security.web.authentication.ui.DefaultLoginPageGeneratingFilter@74970607, org.springframework.security.web.authentication.ui.DefaultLogoutPageGeneratingFilter@3e9a8b53, org.springframework.security.web.authentication.www.BasicAuthenticationFilter@4cd37a97, org.springframework.security.web.savedrequest.RequestCacheAwareFilter@60f7a909, org.springframework.security.web.servletapi.SecurityContextHolderAwareRequestFilter@65b33b90, org.springframework.security.web.authentication.AnonymousAuthenticationFilter@4f8f31f8, org.springframework.security.web.session.SessionManagementFilter@434412ed, org.springframework.security.web.access.ExceptionTranslationFilter@1e6b70d4, org.springframework.security.web.access.intercept.FilterSecurityInterceptor@60ca29e9]
2021-08-09 17:08:03.993  INFO 3616 --- [    Test worker] o.s.b.t.m.w.SpringBootMockServletContext : Initializing Spring TestDispatcherServlet ''
2021-08-09 17:08:03.993  INFO 3616 --- [    Test worker] o.s.t.web.servlet.TestDispatcherServlet  : Initializing Servlet ''
2021-08-09 17:08:04.003  INFO 3616 --- [    Test worker] o.s.t.web.servlet.TestDispatcherServlet  : Completed initialization in 10 ms
2021-08-09 17:08:04.034  INFO 3616 --- [    Test worker] c.h.b.s.web.HelloControllerTest          : Started HelloControllerTest in 1.597 seconds (JVM running for 2.295)
]]></system-out>
  <system-err><![CDATA[]]></system-err>
</testsuite>
