<?xml version="1.0" encoding="UTF-8"?>
<testsuite name="com.hang.book.springboot.web.HelloControllerTest" tests="2" skipped="0" failures="0" errors="0" timestamp="2021-09-01T07:16:25" hostname="LAPTOP-MQJL1DUD" time="0.108">
  <properties/>
  <testcase name="helloReturn" classname="com.hang.book.springboot.web.HelloControllerTest" time="0.043"/>
  <testcase name="helloDtoReturn" classname="com.hang.book.springboot.web.HelloControllerTest" time="0.065"/>
  <system-out><![CDATA[2021-09-01 16:16:25.236  INFO 15824 --- [    Test worker] .b.t.a.w.s.WebMvcTestContextBootstrapper : Neither @ContextConfiguration nor @ContextHierarchy found for test class [com.hang.book.springboot.web.HelloControllerTest], using SpringBootContextLoader
2021-09-01 16:16:25.237  INFO 15824 --- [    Test worker] o.s.t.c.support.AbstractContextLoader    : Could not detect default resource locations for test class [com.hang.book.springboot.web.HelloControllerTest]: no resource found for suffixes {-context.xml, Context.groovy}.
2021-09-01 16:16:25.237  INFO 15824 --- [    Test worker] t.c.s.AnnotationConfigContextLoaderUtils : Could not detect default configuration classes for test class [com.hang.book.springboot.web.HelloControllerTest]: HelloControllerTest does not declare any static, non-private, non-final, nested classes annotated with @Configuration.
2021-09-01 16:16:25.256  INFO 15824 --- [    Test worker] .b.t.c.SpringBootTestContextBootstrapper : Found @SpringBootConfiguration com.hang.book.springboot.Application for test class com.hang.book.springboot.web.HelloControllerTest
2021-09-01 16:16:25.257  INFO 15824 --- [    Test worker] .b.t.a.w.s.WebMvcTestContextBootstrapper : Loaded default TestExecutionListener class names from location [META-INF/spring.factories]: [org.springframework.security.test.context.support.WithSecurityContextTestExecutionListener, org.springframework.security.test.context.support.ReactorContextTestExecutionListener, org.springframework.boot.test.autoconfigure.restdocs.RestDocsTestExecutionListener, org.springframework.boot.test.autoconfigure.web.client.MockRestServiceServerResetTestExecutionListener, org.springframework.boot.test.autoconfigure.web.servlet.MockMvcPrintOnlyOnFailureTestExecutionListener, org.springframework.boot.test.autoconfigure.web.servlet.WebDriverTestExecutionListener, org.springframework.boot.test.mock.mockito.MockitoTestExecutionListener, org.springframework.boot.test.mock.mockito.ResetMocksTestExecutionListener, org.springframework.test.context.web.ServletTestExecutionListener, org.springframework.test.context.support.DirtiesContextBeforeModesTestExecutionListener, org.springframework.test.context.support.DependencyInjectionTestExecutionListener, org.springframework.test.context.support.DirtiesContextTestExecutionListener, org.springframework.test.context.transaction.TransactionalTestExecutionListener, org.springframework.test.context.jdbc.SqlScriptsTestExecutionListener]
2021-09-01 16:16:25.257  INFO 15824 --- [    Test worker] .b.t.a.w.s.WebMvcTestContextBootstrapper : Using TestExecutionListeners: [org.springframework.test.context.web.ServletTestExecutionListener@2fcdd01f, org.springframework.test.context.support.DirtiesContextBeforeModesTestExecutionListener@33595452, org.springframework.boot.test.mock.mockito.MockitoTestExecutionListener@7727abb7, org.springframework.boot.test.autoconfigure.SpringBootDependencyInjectionTestExecutionListener@79eda539, org.springframework.test.context.support.DirtiesContextTestExecutionListener@38e1df33, org.springframework.test.context.transaction.TransactionalTestExecutionListener@41e3f7b9, org.springframework.test.context.jdbc.SqlScriptsTestExecutionListener@bd39621, org.springframework.security.test.context.support.WithSecurityContextTestExecutionListener@1f833e0f, org.springframework.security.test.context.support.ReactorContextTestExecutionListener@292d728b, org.springframework.boot.test.autoconfigure.restdocs.RestDocsTestExecutionListener@772d1628, org.springframework.boot.test.autoconfigure.web.client.MockRestServiceServerResetTestExecutionListener@60d8e472, org.springframework.boot.test.autoconfigure.web.servlet.MockMvcPrintOnlyOnFailureTestExecutionListener@662dcd20, org.springframework.boot.test.autoconfigure.web.servlet.WebDriverTestExecutionListener@24d65244, org.springframework.boot.test.mock.mockito.ResetMocksTestExecutionListener@3b559ca0]

  .   ____          _            __ _ _
 /\\ / ___'_ __ _ _(_)_ __  __ _ \ \ \ \
( ( )\___ | '_ | '_| | '_ \/ _` | \ \ \ \
 \\/  ___)| |_)| | | | | || (_| |  ) ) ) )
  '  |____| .__|_| |_|_| |_\__, | / / / /
 =========|_|==============|___/=/_/_/_/
 :: Spring Boot ::        (v2.1.7.RELEASE)

2021-09-01 16:16:25.281  INFO 15824 --- [    Test worker] c.h.b.s.web.HelloControllerTest          : Starting HelloControllerTest on LAPTOP-MQJL1DUD with PID 15824 (started by abc17 in C:\workspace\intellij_springboot)
2021-09-01 16:16:25.282  INFO 15824 --- [    Test worker] c.h.b.s.web.HelloControllerTest          : No active profile set, falling back to default profiles: default
2021-09-01 16:16:25.573  INFO 15824 --- [    Test worker] o.s.s.concurrent.ThreadPoolTaskExecutor  : Initializing ExecutorService 'applicationTaskExecutor'
2021-09-01 16:16:25.597  INFO 15824 --- [    Test worker] o.s.b.a.w.s.WelcomePageHandlerMapping    : Adding welcome page template: index
2021-09-01 16:16:25.722  INFO 15824 --- [    Test worker] .s.s.UserDetailsServiceAutoConfiguration : 

Using generated security password: 1de69e66-c023-4179-b896-33007d77c129

2021-09-01 16:16:25.796  INFO 15824 --- [    Test worker] o.s.s.web.DefaultSecurityFilterChain     : Creating filter chain: any request, [org.springframework.security.web.context.request.async.WebAsyncManagerIntegrationFilter@70085543, org.springframework.security.web.context.SecurityContextPersistenceFilter@168e88dc, org.springframework.security.web.header.HeaderWriterFilter@18193408, org.springframework.security.web.csrf.CsrfFilter@74767bed, org.springframework.security.web.authentication.logout.LogoutFilter@849fb30, org.springframework.security.web.authentication.UsernamePasswordAuthenticationFilter@69f3a1b5, org.springframework.security.web.authentication.ui.DefaultLoginPageGeneratingFilter@7d3886bd, org.springframework.security.web.authentication.ui.DefaultLogoutPageGeneratingFilter@44822bbe, org.springframework.security.web.authentication.www.BasicAuthenticationFilter@3a45a047, org.springframework.security.web.savedrequest.RequestCacheAwareFilter@4f2bec3c, org.springframework.security.web.servletapi.SecurityContextHolderAwareRequestFilter@1e4338a5, org.springframework.security.web.authentication.AnonymousAuthenticationFilter@5352fcf1, org.springframework.security.web.session.SessionManagementFilter@5ff78df5, org.springframework.security.web.access.ExceptionTranslationFilter@136952bb, org.springframework.security.web.access.intercept.FilterSecurityInterceptor@349c4c15]
2021-09-01 16:16:25.819  INFO 15824 --- [    Test worker] o.s.b.t.m.w.SpringBootMockServletContext : Initializing Spring TestDispatcherServlet ''
2021-09-01 16:16:25.819  INFO 15824 --- [    Test worker] o.s.t.web.servlet.TestDispatcherServlet  : Initializing Servlet ''
2021-09-01 16:16:25.829  INFO 15824 --- [    Test worker] o.s.t.web.servlet.TestDispatcherServlet  : Completed initialization in 10 ms
2021-09-01 16:16:25.847  INFO 15824 --- [    Test worker] c.h.b.s.web.HelloControllerTest          : Started HelloControllerTest in 0.588 seconds (JVM running for 5.878)
]]></system-out>
  <system-err><![CDATA[]]></system-err>
</testsuite>
