<?xml version="1.0" encoding="UTF-8"?>
<testsuite name="com.hang.book.springboot.web.IndexControllerTest" tests="1" skipped="0" failures="0" errors="0" timestamp="2021-08-09T08:08:09" hostname="LAPTOP-MQJL1DUD" time="0.123">
  <properties/>
  <testcase name="loadMainPage" classname="com.hang.book.springboot.web.IndexControllerTest" time="0.123"/>
  <system-out><![CDATA[2021-08-09 17:08:07.847  INFO 3616 --- [    Test worker] .b.t.c.SpringBootTestContextBootstrapper : Neither @ContextConfiguration nor @ContextHierarchy found for test class [com.hang.book.springboot.web.IndexControllerTest], using SpringBootContextLoader
2021-08-09 17:08:07.848  INFO 3616 --- [    Test worker] o.s.t.c.support.AbstractContextLoader    : Could not detect default resource locations for test class [com.hang.book.springboot.web.IndexControllerTest]: no resource found for suffixes {-context.xml, Context.groovy}.
2021-08-09 17:08:07.848  INFO 3616 --- [    Test worker] t.c.s.AnnotationConfigContextLoaderUtils : Could not detect default configuration classes for test class [com.hang.book.springboot.web.IndexControllerTest]: IndexControllerTest does not declare any static, non-private, non-final, nested classes annotated with @Configuration.
2021-08-09 17:08:07.849  INFO 3616 --- [    Test worker] .b.t.c.SpringBootTestContextBootstrapper : Found @SpringBootConfiguration com.hang.book.springboot.Application for test class com.hang.book.springboot.web.IndexControllerTest
2021-08-09 17:08:07.849  INFO 3616 --- [    Test worker] .b.t.c.SpringBootTestContextBootstrapper : Loaded default TestExecutionListener class names from location [META-INF/spring.factories]: [org.springframework.security.test.context.support.WithSecurityContextTestExecutionListener, org.springframework.security.test.context.support.ReactorContextTestExecutionListener, org.springframework.boot.test.autoconfigure.restdocs.RestDocsTestExecutionListener, org.springframework.boot.test.autoconfigure.web.client.MockRestServiceServerResetTestExecutionListener, org.springframework.boot.test.autoconfigure.web.servlet.MockMvcPrintOnlyOnFailureTestExecutionListener, org.springframework.boot.test.autoconfigure.web.servlet.WebDriverTestExecutionListener, org.springframework.boot.test.mock.mockito.MockitoTestExecutionListener, org.springframework.boot.test.mock.mockito.ResetMocksTestExecutionListener, org.springframework.test.context.web.ServletTestExecutionListener, org.springframework.test.context.support.DirtiesContextBeforeModesTestExecutionListener, org.springframework.test.context.support.DependencyInjectionTestExecutionListener, org.springframework.test.context.support.DirtiesContextTestExecutionListener, org.springframework.test.context.transaction.TransactionalTestExecutionListener, org.springframework.test.context.jdbc.SqlScriptsTestExecutionListener]
2021-08-09 17:08:07.850  INFO 3616 --- [    Test worker] .b.t.c.SpringBootTestContextBootstrapper : Using TestExecutionListeners: [org.springframework.test.context.web.ServletTestExecutionListener@3679692d, org.springframework.test.context.support.DirtiesContextBeforeModesTestExecutionListener@2e44a5ca, org.springframework.boot.test.mock.mockito.MockitoTestExecutionListener@5062525a, org.springframework.boot.test.autoconfigure.SpringBootDependencyInjectionTestExecutionListener@54b87d93, org.springframework.test.context.support.DirtiesContextTestExecutionListener@29754628, org.springframework.test.context.transaction.TransactionalTestExecutionListener@2294cc39, org.springframework.test.context.jdbc.SqlScriptsTestExecutionListener@6026bab3, org.springframework.security.test.context.support.WithSecurityContextTestExecutionListener@77e507c1, org.springframework.security.test.context.support.ReactorContextTestExecutionListener@74a25b13, org.springframework.boot.test.autoconfigure.restdocs.RestDocsTestExecutionListener@70d3b4ba, org.springframework.boot.test.autoconfigure.web.client.MockRestServiceServerResetTestExecutionListener@25756b31, org.springframework.boot.test.autoconfigure.web.servlet.MockMvcPrintOnlyOnFailureTestExecutionListener@7a71bb51, org.springframework.boot.test.autoconfigure.web.servlet.WebDriverTestExecutionListener@1ced1dcf, org.springframework.boot.test.mock.mockito.ResetMocksTestExecutionListener@71760c8c]

  .   ____          _            __ _ _
 /\\ / ___'_ __ _ _(_)_ __  __ _ \ \ \ \
( ( )\___ | '_ | '_| | '_ \/ _` | \ \ \ \
 \\/  ___)| |_)| | | | | || (_| |  ) ) ) )
  '  |____| .__|_| |_|_| |_\__, | / / / /
 =========|_|==============|___/=/_/_/_/
 :: Spring Boot ::        (v2.1.7.RELEASE)

2021-08-09 17:08:07.871  INFO 3616 --- [    Test worker] c.h.b.s.web.IndexControllerTest          : Starting IndexControllerTest on LAPTOP-MQJL1DUD with PID 3616 (started by abc17 in C:\workspace\intellij_springboot)
2021-08-09 17:08:07.871  INFO 3616 --- [    Test worker] c.h.b.s.web.IndexControllerTest          : No active profile set, falling back to default profiles: default
2021-08-09 17:08:08.006  INFO 3616 --- [    Test worker] .s.d.r.c.RepositoryConfigurationDelegate : Bootstrapping Spring Data repositories in DEFAULT mode.
2021-08-09 17:08:08.019  INFO 3616 --- [    Test worker] .s.d.r.c.RepositoryConfigurationDelegate : Finished Spring Data repository scanning in 13ms. Found 2 repository interfaces.
2021-08-09 17:08:08.080  INFO 3616 --- [    Test worker] trationDelegate$BeanPostProcessorChecker : Bean 'org.springframework.transaction.annotation.ProxyTransactionManagementConfiguration' of type [org.springframework.transaction.annotation.ProxyTransactionManagementConfiguration$$EnhancerBySpringCGLIB$$33b62edd] is not eligible for getting processed by all BeanPostProcessors (for example: not eligible for auto-proxying)
2021-08-09 17:08:08.257  INFO 3616 --- [    Test worker] o.s.b.w.embedded.tomcat.TomcatWebServer  : Tomcat initialized with port(s): 0 (http)
2021-08-09 17:08:08.283  INFO 3616 --- [    Test worker] o.apache.catalina.core.StandardService   : Starting service [Tomcat]
2021-08-09 17:08:08.283  INFO 3616 --- [    Test worker] org.apache.catalina.core.StandardEngine  : Starting Servlet engine: [Apache Tomcat/9.0.22]
2021-08-09 17:08:08.393  INFO 3616 --- [    Test worker] o.a.c.c.C.[Tomcat].[localhost].[/]       : Initializing Spring embedded WebApplicationContext
2021-08-09 17:08:08.393  INFO 3616 --- [    Test worker] o.s.web.context.ContextLoader            : Root WebApplicationContext: initialization completed in 520 ms
2021-08-09 17:08:08.530  INFO 3616 --- [    Test worker] com.zaxxer.hikari.HikariDataSource       : HikariPool-2 - Starting...
2021-08-09 17:08:08.531  INFO 3616 --- [    Test worker] com.zaxxer.hikari.HikariDataSource       : HikariPool-2 - Start completed.
2021-08-09 17:08:08.553  INFO 3616 --- [    Test worker] o.hibernate.jpa.internal.util.LogHelper  : HHH000204: Processing PersistenceUnitInfo [
	name: default
	...]
2021-08-09 17:08:08.560  INFO 3616 --- [    Test worker] org.hibernate.dialect.Dialect            : HHH000400: Using dialect: org.hibernate.dialect.MySQL5InnoDBDialect
Hibernate: drop table if exists posts
Hibernate: drop table if exists user
Hibernate: create table posts (id bigint not null auto_increment, created_date datetime, modified_date datetime, author varchar(255), content TEXT not null, title varchar(500) not null, primary key (id)) engine=InnoDB
Hibernate: create table user (id bigint not null auto_increment, created_date datetime, modified_date datetime, email varchar(255) not null, name varchar(255) not null, picture varchar(255), role varchar(255), primary key (id)) engine=InnoDB
2021-08-09 17:08:08.596  INFO 3616 --- [    Test worker] o.h.t.schema.internal.SchemaCreatorImpl  : HHH000476: Executing import script 'org.hibernate.tool.schema.internal.exec.ScriptSourceInputNonExistentImpl@5d69ea60'
2021-08-09 17:08:08.596  INFO 3616 --- [    Test worker] j.LocalContainerEntityManagerFactoryBean : Initialized JPA EntityManagerFactory for persistence unit 'default'
2021-08-09 17:08:08.809  INFO 3616 --- [    Test worker] o.h.h.i.QueryTranslatorFactoryInitiator  : HHH000397: Using ASTQueryTranslatorFactory
2021-08-09 17:08:08.926  INFO 3616 --- [    Test worker] o.s.s.web.DefaultSecurityFilterChain     : Creating filter chain: any request, [org.springframework.security.web.context.request.async.WebAsyncManagerIntegrationFilter@6af610c9, org.springframework.security.web.context.SecurityContextPersistenceFilter@5cd0a1b6, org.springframework.security.web.header.HeaderWriterFilter@16657c85, org.springframework.security.web.authentication.logout.LogoutFilter@12dcb8ce, org.springframework.security.oauth2.client.web.OAuth2AuthorizationRequestRedirectFilter@739e3d18, org.springframework.security.oauth2.client.web.OAuth2LoginAuthenticationFilter@5217307f, org.springframework.security.web.authentication.ui.DefaultLoginPageGeneratingFilter@4b587d02, org.springframework.security.web.authentication.ui.DefaultLogoutPageGeneratingFilter@79d2d257, org.springframework.security.web.savedrequest.RequestCacheAwareFilter@762c6d7d, org.springframework.security.web.servletapi.SecurityContextHolderAwareRequestFilter@4b90b669, org.springframework.security.web.authentication.AnonymousAuthenticationFilter@7ba64688, org.springframework.security.web.session.SessionManagementFilter@44589213, org.springframework.security.web.access.ExceptionTranslationFilter@6a5801d0, org.springframework.security.web.access.intercept.FilterSecurityInterceptor@2676a828]
2021-08-09 17:08:09.073  INFO 3616 --- [    Test worker] o.s.s.concurrent.ThreadPoolTaskExecutor  : Initializing ExecutorService 'applicationTaskExecutor'
2021-08-09 17:08:09.081  WARN 3616 --- [    Test worker] aWebConfiguration$JpaWebMvcConfiguration : spring.jpa.open-in-view is enabled by default. Therefore, database queries may be performed during view rendering. Explicitly configure spring.jpa.open-in-view to disable this warning
2021-08-09 17:08:09.102  INFO 3616 --- [    Test worker] o.s.b.a.w.s.WelcomePageHandlerMapping    : Adding welcome page template: index
2021-08-09 17:08:09.259  INFO 3616 --- [    Test worker] s.a.ScheduledAnnotationBeanPostProcessor : No TaskScheduler/ScheduledExecutorService bean found for scheduled processing
2021-08-09 17:08:09.272  INFO 3616 --- [    Test worker] o.s.b.w.embedded.tomcat.TomcatWebServer  : Tomcat started on port(s): 60765 (http) with context path ''
2021-08-09 17:08:09.272  INFO 3616 --- [    Test worker] c.h.b.s.web.IndexControllerTest          : Started IndexControllerTest in 1.421 seconds (JVM running for 7.533)
2021-08-09 17:08:09.334  INFO 3616 --- [o-auto-1-exec-1] o.a.c.c.C.[Tomcat].[localhost].[/]       : Initializing Spring DispatcherServlet 'dispatcherServlet'
2021-08-09 17:08:09.334  INFO 3616 --- [o-auto-1-exec-1] o.s.web.servlet.DispatcherServlet        : Initializing Servlet 'dispatcherServlet'
2021-08-09 17:08:09.344  INFO 3616 --- [o-auto-1-exec-1] o.s.web.servlet.DispatcherServlet        : Completed initialization in 10 ms
Hibernate: select posts0_.id as id1_0_, posts0_.created_date as created_2_0_, posts0_.modified_date as modified3_0_, posts0_.author as author4_0_, posts0_.content as content5_0_, posts0_.title as title6_0_ from posts posts0_ order by posts0_.id DESC
>>>>>>>>>>>>>>>>>>>
<!DOCTYPE HTML>
<html>
<head>
    <title>스프링 부트 웹 서비스</title>
    <meta http-equiv="Content-Type" content="text/html; charset=UTF-8"/>
    <link rel="stylesheet" href="https://stackpath.bootstrapcdn.com/bootstrap/4.3.1/css/bootstrap.min.css">
</head>
<body>

<h1>스프링 부트로 시작하는 웹 서비스 Ver.2</h1>
<div class="col-md-12">
    <!-- 로그인 기능 영역 -->
    <div class="row">
        <div class="col-md-6">
            <a href="/posts/save" role="button" class="btn btn-primary">글 등록</a>
                <a href="/oauth2/authorization/google" class="btn btn-success active" role="button">Google Login</a>
                <a href="/oauth2/authorization/naver" class="btn btn-secondary active" role="button">Naver Login</a>
        </div>
    </div>
    <br>
    <!-- 목록 출력 영역 -->
    <table class="table table-horizontal table-bordered">
        <thead class="thead-strong">
            <tr>
                <th>게시글 번호</th>
                <th>제목</th>
                <th>작성자</th>
                <th>최종수정일</th>
            </tr>
        </thead>
        <tbody id="tbody">
                </tbody>
    </table>
</div>
<script src="https://code.jquery.com/jquery-3.3.1.min.js"></script>
<script src="https://stackpath.bootstrapcdn.com/bootstrap/4.3.1/js/bootstrap.min.js"></script>

<!-- index.js 추가 -->
<script src="/js/app/index.js"></script>
</body>
</html>
]]></system-out>
  <system-err><![CDATA[]]></system-err>
</testsuite>
